#
# There is insufficient memory for the Java Runtime Environment to continue.
# Native memory allocation (mmap) failed to map 20971520 bytes for G1 virtual space
# Possible reasons:
#   The system is out of physical RAM or swap space
#   The process is running with CompressedOops enabled, and the Java Heap may be blocking the growth of the native heap
# Possible solutions:
#   Reduce memory load on the system
#   Increase physical memory or swap space
#   Check if swap backing store is full
#   Decrease Java heap size (-Xmx/-Xms)
#   Decrease number of Java threads
#   Decrease Java thread stack sizes (-Xss)
#   Set larger code cache with -XX:ReservedCodeCacheSize=
#   JVM is running with Zero Based Compressed Oops mode in which the Java heap is
#     placed in the first 32GB address space. The Java Heap base address is the
#     maximum limit for the native heap growth. Please use -XX:HeapBaseMinAddress
#     to set the Java Heap base and to place the Java Heap above 32GB virtual address.
# This output file may be truncated or incomplete.
#
#  Out of Memory Error (os_windows.cpp:3769), pid=12368, tid=14168
#
# JRE version: OpenJDK Runtime Environment (17.0.6) (build 17.0.6+0-b2043.56-10027231)
# Java VM: OpenJDK 64-Bit Server VM (17.0.6+0-b2043.56-10027231, mixed mode, tiered, compressed oops, compressed class ptrs, g1 gc, windows-amd64)
# No core dump will be written. Minidumps are not enabled by default on client versions of Windows
#

---------------  S U M M A R Y ------------

Command Line: org.jetbrains.kotlin.cli.jvm.K2JVMCompiler @E:\programming\android_src\avtoto\app\build\20230914_5399477959028611760.compiler.options

Host: AMD Ryzen 5 3500U with Radeon Vega Mobile Gfx  , 8 cores, 9G,  Windows 10 , 64 bit Build 19041 (10.0.19041.2913)
Time: Thu Sep 14 13:13:17 2023 RTZ 2 (s 10 , 64 bit Build 19041 (10.0.19041.2913) elapsed time: 8.173617 seconds (0d 0h 0m 8s)

---------------  T H R E A D  ---------------

Current thread (0x0000017d7f413c20):  VMThread "VM Thread" [stack: 0x0000004b16a00000,0x0000004b16b00000] [id=14168]

Stack: [0x0000004b16a00000,0x0000004b16b00000]
Native frames: (J=compiled Java code, j=interpreted, Vv=VM code, C=native code)
V  [jvm.dll+0x683c9a]
V  [jvm.dll+0x8427a4]
V  [jvm.dll+0x843f9e]
V  [jvm.dll+0x844603]
V  [jvm.dll+0x249b75]
V  [jvm.dll+0x680b69]
V  [jvm.dll+0x67505a]
V  [jvm.dll+0x309acb]
V  [jvm.dll+0x310f86]
V  [jvm.dll+0x3608ee]
V  [jvm.dll+0x360b1f]
V  [jvm.dll+0x2dfbf8]
V  [jvm.dll+0x2ddec4]
V  [jvm.dll+0x2dd4cc]
V  [jvm.dll+0x321f3b]
V  [jvm.dll+0x848ccb]
V  [jvm.dll+0x849a04]
V  [jvm.dll+0x849f1d]
V  [jvm.dll+0x84a2f4]
V  [jvm.dll+0x84a3c0]
V  [jvm.dll+0x7f274a]
V  [jvm.dll+0x682ad5]
C  [ucrtbase.dll+0x21bb2]
C  [KERNEL32.DLL+0x17614]
C  [ntdll.dll+0x526a1]

VM_Operation (0x0000004b164fcad0): G1CollectForAllocation, mode: safepoint, requested by thread 0x0000017d729fb300


---------------  P R O C E S S  ---------------

Threads class SMR info:
_java_thread_list=0x0000017d7f599120, length=12, elements={
0x0000017d729fb300, 0x0000017d7eaaea10, 0x0000017d7ea88240, 0x0000017d7f439130,
0x0000017d7f43acf0, 0x0000017d7f43b8a0, 0x0000017d7f43f370, 0x0000017d7f440d90,
0x0000017d7f45e7e0, 0x0000017d7f4615f0, 0x0000017d7f5b1f10, 0x0000017d7f5b41b0
}

Java Threads: ( => current thread )
  0x0000017d729fb300 JavaThread "main" [_thread_blocked, id=6556, stack(0x0000004b16400000,0x0000004b16500000)]
  0x0000017d7eaaea10 JavaThread "Reference Handler" daemon [_thread_blocked, id=9220, stack(0x0000004b16b00000,0x0000004b16c00000)]
  0x0000017d7ea88240 JavaThread "Finalizer" daemon [_thread_blocked, id=3040, stack(0x0000004b16c00000,0x0000004b16d00000)]
  0x0000017d7f439130 JavaThread "Signal Dispatcher" daemon [_thread_blocked, id=11792, stack(0x0000004b16d00000,0x0000004b16e00000)]
  0x0000017d7f43acf0 JavaThread "Attach Listener" daemon [_thread_blocked, id=2692, stack(0x0000004b16e00000,0x0000004b16f00000)]
  0x0000017d7f43b8a0 JavaThread "Service Thread" daemon [_thread_blocked, id=9900, stack(0x0000004b16f00000,0x0000004b17000000)]
  0x0000017d7f43f370 JavaThread "Monitor Deflation Thread" daemon [_thread_blocked, id=4568, stack(0x0000004b17000000,0x0000004b17100000)]
  0x0000017d7f440d90 JavaThread "C2 CompilerThread0" daemon [_thread_in_native, id=13808, stack(0x0000004b17100000,0x0000004b17200000)]
  0x0000017d7f45e7e0 JavaThread "C1 CompilerThread0" daemon [_thread_blocked, id=13172, stack(0x0000004b17200000,0x0000004b17300000)]
  0x0000017d7f4615f0 JavaThread "Sweeper thread" daemon [_thread_blocked, id=3800, stack(0x0000004b17300000,0x0000004b17400000)]
  0x0000017d7f5b1f10 JavaThread "Notification Thread" daemon [_thread_blocked, id=13908, stack(0x0000004b17400000,0x0000004b17500000)]
  0x0000017d7f5b41b0 JavaThread "Common-Cleaner" daemon [_thread_blocked, id=6480, stack(0x0000004b17600000,0x0000004b17700000)]

Other Threads:
=>0x0000017d7f413c20 VMThread "VM Thread" [stack: 0x0000004b16a00000,0x0000004b16b00000] [id=14168]
  0x0000017d72a5f390 WatcherThread [stack: 0x0000004b17500000,0x0000004b17600000] [id=7992]
  0x0000017d72a4b240 GCTaskThread "GC Thread#0" [stack: 0x0000004b16500000,0x0000004b16600000] [id=7064]
  0x0000017d7fae4050 GCTaskThread "GC Thread#1" [stack: 0x0000004b17700000,0x0000004b17800000] [id=14100]
  0x0000017d7fae3850 GCTaskThread "GC Thread#2" [stack: 0x0000004b17800000,0x0000004b17900000] [id=1092]
  0x0000017d7fb6c940 GCTaskThread "GC Thread#3" [stack: 0x0000004b17900000,0x0000004b17a00000] [id=10252]
  0x0000017d7fb6cbf0 GCTaskThread "GC Thread#4" [stack: 0x0000004b17a00000,0x0000004b17b00000] [id=4504]
  0x0000017d7fda9890 GCTaskThread "GC Thread#5" [stack: 0x0000004b17b00000,0x0000004b17c00000] [id=12476]
  0x0000017d7fda9b40 GCTaskThread "GC Thread#6" [stack: 0x0000004b17c00000,0x0000004b17d00000] [id=9548]
  0x0000017d7fda9080 GCTaskThread "GC Thread#7" [stack: 0x0000004b17d00000,0x0000004b17e00000] [id=13748]
  0x0000017d72a55f90 ConcurrentGCThread "G1 Main Marker" [stack: 0x0000004b16600000,0x0000004b16700000] [id=11660]
  0x0000017d72a57140 ConcurrentGCThread "G1 Conc#0" [stack: 0x0000004b16700000,0x0000004b16800000] [id=13452]
  0x0000017d7fda8b20 ConcurrentGCThread "G1 Conc#1" [stack: 0x0000004b17e00000,0x0000004b17f00000] [id=11292]
  0x0000017d72ace6f0 ConcurrentGCThread "G1 Refine#0" [stack: 0x0000004b16800000,0x0000004b16900000] [id=13752]
  0x0000017d10d82d20 ConcurrentGCThread "G1 Refine#1" [stack: 0x0000004b17f00000,0x0000004b18000000] [id=6564]
  0x0000017d10d83000 ConcurrentGCThread "G1 Refine#2" [stack: 0x0000004b18000000,0x0000004b18100000] [id=12652]
  0x0000017d7e8f0200 ConcurrentGCThread "G1 Service" [stack: 0x0000004b16900000,0x0000004b16a00000] [id=2432]

Threads with active compile tasks:
C2 CompilerThread0     8190 7759       4       jdk.internal.loader.BuiltinClassLoader::defineClass (121 bytes)

VM state: at safepoint (normal execution)

VM Mutex/Monitor currently owned by a thread:  ([mutex/lock_event])
[0x0000017d729f6770] Threads_lock - owner thread: 0x0000017d7f413c20
[0x0000017d729f6800] Heap_lock - owner thread: 0x0000017d729fb300

Heap address: 0x0000000761e00000, size: 2530 MB, Compressed Oops mode: Zero based, Oop shift amount: 3

CDS archive(s) not mapped
Compressed class space mapped at: 0x0000000800000000-0x0000000840000000, reserved size: 1073741824
Narrow klass base: 0x0000000800000000, Narrow klass shift: 0, Narrow klass range: 0x40000000

GC Precious Log:
 CPUs: 8 total, 8 available
 Memory: 10116M
 Large Page Support: Disabled
 NUMA Support: Disabled
 Compressed Oops: Enabled (Zero based)
 Heap Region Size: 2M
 Heap Min Capacity: 8M
 Heap Initial Capacity: 160M
 Heap Max Capacity: 2530M
 Pre-touch: Disabled
 Parallel Workers: 8
 Concurrent Workers: 2
 Concurrent Refinement Workers: 8
 Periodic GC: Disabled

Heap:
 garbage-first heap   total 96256K, used 47572K [0x0000000761e00000, 0x0000000800000000)
  region size 2048K, 2 young (4096K), 2 survivors (4096K)
 Metaspace       used 70501K, committed 70848K, reserved 1114112K
  class space    used 8330K, committed 8512K, reserved 1048576K

Heap Regions: E=young(eden), S=young(survivor), O=old, HS=humongous(starts), HC=humongous(continues), CS=collection set, F=free, OA=open archive, CA=closed archive, TAMS=top-at-mark-start (previous, next)
|   0|0x0000000761e00000, 0x0000000762000000, 0x0000000762000000|100%|HS|  |TAMS 0x0000000762000000, 0x0000000761e00000| Complete 
|   1|0x0000000762000000, 0x0000000762200000, 0x0000000762200000|100%|HC|  |TAMS 0x0000000762200000, 0x0000000762000000| Complete 
|   2|0x0000000762200000, 0x0000000762400000, 0x0000000762400000|100%| O|  |TAMS 0x0000000762400000, 0x0000000762200000| Untracked 
|   3|0x0000000762400000, 0x0000000762600000, 0x0000000762600000|100%| O|  |TAMS 0x0000000762600000, 0x0000000762400000| Untracked 
|   4|0x0000000762600000, 0x0000000762800000, 0x0000000762800000|100%|HS|  |TAMS 0x0000000762800000, 0x0000000762600000| Complete 
|   5|0x0000000762800000, 0x0000000762a00000, 0x0000000762a00000|100%| O|  |TAMS 0x0000000762a00000, 0x0000000762800000| Untracked 
|   6|0x0000000762a00000, 0x0000000762c00000, 0x0000000762c00000|100%| O|  |TAMS 0x0000000762c00000, 0x0000000762a00000| Untracked 
|   7|0x0000000762c00000, 0x0000000762e00000, 0x0000000762e00000|100%| O|  |TAMS 0x0000000762e00000, 0x0000000762c00000| Untracked 
|   8|0x0000000762e00000, 0x0000000763000000, 0x0000000763000000|100%| O|  |TAMS 0x0000000763000000, 0x0000000762e00000| Untracked 
|   9|0x0000000763000000, 0x0000000763200000, 0x0000000763200000|100%| O|  |TAMS 0x0000000763200000, 0x0000000763000000| Untracked 
|  10|0x0000000763200000, 0x0000000763400000, 0x0000000763400000|100%| O|  |TAMS 0x0000000763400000, 0x0000000763200000| Untracked 
|  11|0x0000000763400000, 0x000000076355ea00, 0x0000000763600000| 68%| O|  |TAMS 0x000000076341fa00, 0x0000000763400000| Untracked 
|  12|0x0000000763600000, 0x0000000763800000, 0x0000000763800000|100%| O|  |TAMS 0x0000000763600000, 0x0000000763600000| Untracked 
|  13|0x0000000763800000, 0x0000000763a00000, 0x0000000763a00000|100%| O|  |TAMS 0x0000000763800000, 0x0000000763800000| Untracked 
|  14|0x0000000763a00000, 0x0000000763c00000, 0x0000000763c00000|100%| O|  |TAMS 0x0000000763a00000, 0x0000000763a00000| Untracked 
|  15|0x0000000763c00000, 0x0000000763e00000, 0x0000000763e00000|100%| O|  |TAMS 0x0000000763c00000, 0x0000000763c00000| Untracked 
|  16|0x0000000763e00000, 0x0000000764000000, 0x0000000764000000|100%| O|  |TAMS 0x0000000763e00000, 0x0000000763e00000| Untracked 
|  17|0x0000000764000000, 0x0000000764200000, 0x0000000764200000|100%| O|  |TAMS 0x0000000764000000, 0x0000000764000000| Untracked 
|  18|0x0000000764200000, 0x0000000764400000, 0x0000000764400000|100%| O|  |TAMS 0x0000000764200000, 0x0000000764200000| Untracked 
|  19|0x0000000764400000, 0x0000000764600000, 0x0000000764600000|100%| O|  |TAMS 0x0000000764400000, 0x0000000764400000| Untracked 
|  20|0x0000000764600000, 0x0000000764800000, 0x0000000764800000|100%| O|  |TAMS 0x0000000764600000, 0x0000000764600000| Untracked 
|  21|0x0000000764800000, 0x0000000764a00000, 0x0000000764a00000|100%| O|  |TAMS 0x0000000764800000, 0x0000000764800000| Untracked 
|  22|0x0000000764a00000, 0x0000000764a63c00, 0x0000000764c00000| 19%| O|  |TAMS 0x0000000764a00000, 0x0000000764a00000| Untracked 
|  23|0x0000000764c00000, 0x0000000764c00000, 0x0000000764e00000|  0%| F|  |TAMS 0x0000000764c00000, 0x0000000764c00000| Untracked 
|  24|0x0000000764e00000, 0x0000000764e00000, 0x0000000765000000|  0%| F|  |TAMS 0x0000000764e00000, 0x0000000764e00000| Untracked 
|  25|0x0000000765000000, 0x0000000765000000, 0x0000000765200000|  0%| F|  |TAMS 0x0000000765000000, 0x0000000765000000| Untracked 
|  26|0x0000000765200000, 0x0000000765200000, 0x0000000765400000|  0%| F|  |TAMS 0x0000000765200000, 0x0000000765200000| Untracked 
|  27|0x0000000765400000, 0x0000000765400000, 0x0000000765600000|  0%| F|  |TAMS 0x0000000765400000, 0x0000000765400000| Untracked 
|  28|0x0000000765600000, 0x0000000765600000, 0x0000000765800000|  0%| F|  |TAMS 0x0000000765600000, 0x0000000765600000| Untracked 
|  29|0x0000000765800000, 0x0000000765800000, 0x0000000765a00000|  0%| F|  |TAMS 0x0000000765800000, 0x0000000765800000| Untracked 
|  30|0x0000000765a00000, 0x0000000765ab2c50, 0x0000000765c00000| 34%| S|CS|TAMS 0x0000000765a00000, 0x0000000765a00000| Complete 
|  31|0x0000000765c00000, 0x0000000765c00000, 0x0000000765e00000|  0%| F|  |TAMS 0x0000000765c00000, 0x0000000765c00000| Untracked 
|  32|0x0000000765e00000, 0x0000000765e00000, 0x0000000766000000|  0%| F|  |TAMS 0x0000000765e00000, 0x0000000765e00000| Untracked 
|  33|0x0000000766000000, 0x0000000766200000, 0x0000000766200000|100%| S|CS|TAMS 0x0000000766000000, 0x0000000766000000| Complete 
|  34|0x0000000766200000, 0x0000000766200000, 0x0000000766400000|  0%| F|  |TAMS 0x0000000766200000, 0x0000000766200000| Untracked 
|  35|0x0000000766400000, 0x0000000766400000, 0x0000000766600000|  0%| F|  |TAMS 0x0000000766400000, 0x0000000766400000| Untracked 
|  36|0x0000000766600000, 0x0000000766600000, 0x0000000766800000|  0%| F|  |TAMS 0x0000000766600000, 0x0000000766600000| Untracked 
|  37|0x0000000766800000, 0x0000000766800000, 0x0000000766a00000|  0%| F|  |TAMS 0x0000000766800000, 0x0000000766800000| Untracked 
|  38|0x0000000766a00000, 0x0000000766a00000, 0x0000000766c00000|  0%| F|  |TAMS 0x0000000766a00000, 0x0000000766a00000| Untracked 
|  39|0x0000000766c00000, 0x0000000766c00000, 0x0000000766e00000|  0%| F|  |TAMS 0x0000000766c00000, 0x0000000766c00000| Untracked 
|  40|0x0000000766e00000, 0x0000000766e00000, 0x0000000767000000|  0%| F|  |TAMS 0x0000000766e00000, 0x0000000766e00000| Untracked 
|  41|0x0000000767000000, 0x0000000767000000, 0x0000000767200000|  0%| F|  |TAMS 0x0000000767000000, 0x0000000767000000| Untracked 
|  42|0x0000000767200000, 0x0000000767200000, 0x0000000767400000|  0%| F|  |TAMS 0x0000000767200000, 0x0000000767200000| Untracked 
|  58|0x0000000769200000, 0x0000000769200000, 0x0000000769400000|  0%| F|  |TAMS 0x0000000769200000, 0x0000000769200000| Untracked 
|  59|0x0000000769400000, 0x0000000769400000, 0x0000000769600000|  0%| F|  |TAMS 0x0000000769400000, 0x0000000769400000| Untracked 
|  60|0x0000000769600000, 0x0000000769600000, 0x0000000769800000|  0%| F|  |TAMS 0x0000000769600000, 0x0000000769600000| Untracked 
|  79|0x000000076bc00000, 0x000000076bc00000, 0x000000076be00000|  0%| F|  |TAMS 0x000000076bc00000, 0x000000076bc00000| Untracked 

Card table byte_map: [0x0000017d76700000,0x0000017d76c00000] _byte_map_base: 0x0000017d72bf1000

Marking Bits (Prev, Next): (CMBitMap*) 0x0000017d72a4b890, (CMBitMap*) 0x0000017d72a4b850
 Prev Bits: [0x0000017d79890000, 0x0000017d7c018000)
 Next Bits: [0x0000017d77100000, 0x0000017d79888000)

Polling page: 0x0000017d70a10000

Metaspace:

Usage:
  Non-class:     60.71 MB used.
      Class:      8.13 MB used.
       Both:     68.85 MB used.

Virtual space:
  Non-class space:       64.00 MB reserved,      60.88 MB ( 95%) committed,  8 nodes.
      Class space:        1.00 GB reserved,       8.31 MB ( <1%) committed,  1 nodes.
             Both:        1.06 GB reserved,      69.19 MB (  6%) committed. 

Chunk freelists:
   Non-Class:  3.09 MB
       Class:  3.73 MB
        Both:  6.83 MB

MaxMetaspaceSize: unlimited
CompressedClassSpaceSize: 1.00 GB
Initial GC threshold: 21.00 MB
Current GC threshold: 80.44 MB
CDS: off
MetaspaceReclaimPolicy: balanced
 - commit_granule_bytes: 65536.
 - commit_granule_words: 8192.
 - virtual_space_node_default_size: 1048576.
 - enlarge_chunks_in_place: 1.
 - new_chunks_are_fully_committed: 0.
 - uncommit_free_chunks: 1.
 - use_allocation_guard: 0.
 - handle_deallocations: 1.


Internal statistics:

num_allocs_failed_limit: 6.
num_arena_births: 300.
num_arena_deaths: 0.
num_vsnodes_births: 9.
num_vsnodes_deaths: 0.
num_space_committed: 1105.
num_space_uncommitted: 0.
num_chunks_returned_to_freelist: 6.
num_chunks_taken_from_freelist: 2492.
num_chunk_merges: 6.
num_chunk_splits: 2071.
num_chunks_enlarged: 1864.
num_purges: 0.
num_inconsistent_stats: 0.

CodeHeap 'non-profiled nmethods': size=120000Kb used=2316Kb max_used=2475Kb free=117683Kb
 bounds [0x0000017d07ad0000, 0x0000017d07d40000, 0x0000017d0f000000]
CodeHeap 'profiled nmethods': size=120000Kb used=13595Kb max_used=14702Kb free=106404Kb
 bounds [0x0000017d00000000, 0x0000017d00e60000, 0x0000017d07530000]
CodeHeap 'non-nmethods': size=5760Kb used=1376Kb max_used=1407Kb free=4384Kb
 bounds [0x0000017d07530000, 0x0000017d077a0000, 0x0000017d07ad0000]
 total_blobs=7745 nmethods=7047 adapters=608
 compilation: enabled
              stopped_count=0, restarted_count=0
 full_count=0

Compilation events (20 events):
Event: 8.133 Thread 0x0000017d7f45e7e0 7843       3       org.jetbrains.kotlin.backend.common.lower.ExpectDeclarationRemover::tryCopyDefaultArguments (329 bytes)
Event: 8.137 Thread 0x0000017d7f45e7e0 nmethod 7843 0x0000017d008fd810 code [0x0000017d008fdfa0, 0x0000017d009026a8]
Event: 8.137 Thread 0x0000017d7f45e7e0 7842       3       org.jetbrains.kotlin.backend.common.lower.ExpectDeclarationRemover::visitValueParameter (17 bytes)
Event: 8.138 Thread 0x0000017d7f45e7e0 nmethod 7842 0x0000017d0051d790 code [0x0000017d0051dac0, 0x0000017d0051ec18]
Event: 8.138 Thread 0x0000017d7f45e7e0 7844       3       org.jetbrains.kotlin.ir.declarations.impl.IrValueParameterImpl::getParent (17 bytes)
Event: 8.139 Thread 0x0000017d7f45e7e0 nmethod 7844 0x0000017d00093810 code [0x0000017d00093a80, 0x0000017d00094318]
Event: 8.139 Thread 0x0000017d7f45e7e0 7838       3       org.jetbrains.kotlin.ir.visitors.IrElementTransformerVoid::visitExpression (18 bytes)
Event: 8.140 Thread 0x0000017d7f45e7e0 nmethod 7838 0x0000017d0051ca90 code [0x0000017d0051cca0, 0x0000017d0051d348]
Event: 8.140 Thread 0x0000017d7f45e7e0 7836       3       org.jetbrains.kotlin.backend.jvm.lower.FragmentSharedVariablesLowering::visitFunctionNew (44 bytes)
Event: 8.143 Thread 0x0000017d7f45e7e0 nmethod 7836 0x0000017d000f2c90 code [0x0000017d000f30a0, 0x0000017d000f4998]
Event: 8.143 Thread 0x0000017d7f45e7e0 7839       3       org.jetbrains.kotlin.ir.visitors.IrElementTransformerVoid::visitDeclarationReference (16 bytes)
Event: 8.144 Thread 0x0000017d7f45e7e0 nmethod 7839 0x0000017d00092510 code [0x0000017d000927c0, 0x0000017d000933e8]
Event: 8.144 Thread 0x0000017d7f45e7e0 7837       3       org.jetbrains.kotlin.ir.expressions.IrCall::accept (15 bytes)
Event: 8.144 Thread 0x0000017d7f45e7e0 nmethod 7837 0x0000017d00014f90 code [0x0000017d000151a0, 0x0000017d00015848]
Event: 8.145 Thread 0x0000017d7f45e7e0 7846       1       org.jetbrains.kotlin.ir.expressions.impl.IrCallImpl::getSymbol (5 bytes)
Event: 8.145 Thread 0x0000017d7f45e7e0 nmethod 7846 0x0000017d07cc3e90 code [0x0000017d07cc4020, 0x0000017d07cc40f8]
Event: 8.145 Thread 0x0000017d7f45e7e0 7845       1       org.jetbrains.kotlin.ir.declarations.impl.IrPropertyCommonImpl::getGetter (5 bytes)
Event: 8.145 Thread 0x0000017d7f45e7e0 nmethod 7845 0x0000017d07cc3b90 code [0x0000017d07cc3d20, 0x0000017d07cc3df8]
Event: 8.145 Thread 0x0000017d7f45e7e0 7847       1       org.jetbrains.kotlin.ir.declarations.impl.IrPropertyCommonImpl::getSetter (5 bytes)
Event: 8.145 Thread 0x0000017d7f45e7e0 nmethod 7847 0x0000017d07cc3610 code [0x0000017d07cc37a0, 0x0000017d07cc3878]

GC Heap History (20 events):
Event: 2.632 GC heap after
{Heap after GC invocations=9 (full 0):
 garbage-first heap   total 40960K, used 17101K [0x0000000761e00000, 0x0000000800000000)
  region size 2048K, 1 young (2048K), 1 survivors (2048K)
 Metaspace       used 38201K, committed 38464K, reserved 1089536K
  class space    used 4763K, committed 4864K, reserved 1048576K
}
Event: 2.658 GC heap before
{Heap before GC invocations=9 (full 0):
 garbage-first heap   total 40960K, used 19149K [0x0000000761e00000, 0x0000000800000000)
  region size 2048K, 2 young (4096K), 1 survivors (2048K)
 Metaspace       used 38566K, committed 38848K, reserved 1089536K
  class space    used 4785K, committed 4928K, reserved 1048576K
}
Event: 2.665 GC heap after
{Heap after GC invocations=10 (full 0):
 garbage-first heap   total 53248K, used 17164K [0x0000000761e00000, 0x0000000800000000)
  region size 2048K, 1 young (2048K), 1 survivors (2048K)
 Metaspace       used 38566K, committed 38848K, reserved 1089536K
  class space    used 4785K, committed 4928K, reserved 1048576K
}
Event: 3.033 GC heap before
{Heap before GC invocations=10 (full 0):
 garbage-first heap   total 53248K, used 35596K [0x0000000761e00000, 0x0000000800000000)
  region size 2048K, 10 young (20480K), 1 survivors (2048K)
 Metaspace       used 43129K, committed 43392K, reserved 1089536K
  class space    used 5280K, committed 5440K, reserved 1048576K
}
Event: 3.038 GC heap after
{Heap after GC invocations=11 (full 0):
 garbage-first heap   total 53248K, used 18339K [0x0000000761e00000, 0x0000000800000000)
  region size 2048K, 1 young (2048K), 1 survivors (2048K)
 Metaspace       used 43129K, committed 43392K, reserved 1089536K
  class space    used 5280K, committed 5440K, reserved 1048576K
}
Event: 3.395 GC heap before
{Heap before GC invocations=11 (full 0):
 garbage-first heap   total 53248K, used 38819K [0x0000000761e00000, 0x0000000800000000)
  region size 2048K, 10 young (20480K), 1 survivors (2048K)
 Metaspace       used 47008K, committed 47168K, reserved 1097728K
  class space    used 5756K, committed 5824K, reserved 1048576K
}
Event: 3.402 GC heap after
{Heap after GC invocations=12 (full 0):
 garbage-first heap   total 53248K, used 22935K [0x0000000761e00000, 0x0000000800000000)
  region size 2048K, 2 young (4096K), 2 survivors (4096K)
 Metaspace       used 47008K, committed 47168K, reserved 1097728K
  class space    used 5756K, committed 5824K, reserved 1048576K
}
Event: 3.506 GC heap before
{Heap before GC invocations=12 (full 0):
 garbage-first heap   total 53248K, used 39319K [0x0000000761e00000, 0x0000000800000000)
  region size 2048K, 10 young (20480K), 2 survivors (4096K)
 Metaspace       used 47125K, committed 47296K, reserved 1097728K
  class space    used 5758K, committed 5824K, reserved 1048576K
}
Event: 3.513 GC heap after
{Heap after GC invocations=13 (full 0):
 garbage-first heap   total 53248K, used 24173K [0x0000000761e00000, 0x0000000800000000)
  region size 2048K, 1 young (2048K), 1 survivors (2048K)
 Metaspace       used 47125K, committed 47296K, reserved 1097728K
  class space    used 5758K, committed 5824K, reserved 1048576K
}
Event: 3.693 GC heap before
{Heap before GC invocations=13 (full 0):
 garbage-first heap   total 53248K, used 38509K [0x0000000761e00000, 0x0000000800000000)
  region size 2048K, 8 young (16384K), 1 survivors (2048K)
 Metaspace       used 48938K, committed 49152K, reserved 1097728K
  class space    used 5967K, committed 6080K, reserved 1048576K
}
Event: 3.697 GC heap after
{Heap after GC invocations=14 (full 0):
 garbage-first heap   total 96256K, used 24930K [0x0000000761e00000, 0x0000000800000000)
  region size 2048K, 1 young (2048K), 1 survivors (2048K)
 Metaspace       used 48938K, committed 49152K, reserved 1097728K
  class space    used 5967K, committed 6080K, reserved 1048576K
}
Event: 4.895 GC heap before
{Heap before GC invocations=15 (full 0):
 garbage-first heap   total 96256K, used 67938K [0x0000000761e00000, 0x0000000800000000)
  region size 2048K, 22 young (45056K), 1 survivors (2048K)
 Metaspace       used 52294K, committed 52480K, reserved 1097728K
  class space    used 6266K, committed 6336K, reserved 1048576K
}
Event: 4.917 GC heap after
{Heap after GC invocations=16 (full 0):
 garbage-first heap   total 96256K, used 32419K [0x0000000761e00000, 0x0000000800000000)
  region size 2048K, 3 young (6144K), 3 survivors (6144K)
 Metaspace       used 52294K, committed 52480K, reserved 1097728K
  class space    used 6266K, committed 6336K, reserved 1048576K
}
Event: 5.702 GC heap before
{Heap before GC invocations=16 (full 0):
 garbage-first heap   total 96256K, used 67235K [0x0000000761e00000, 0x0000000800000000)
  region size 2048K, 20 young (40960K), 3 survivors (6144K)
 Metaspace       used 57764K, committed 58048K, reserved 1105920K
  class space    used 7007K, committed 7104K, reserved 1048576K
}
Event: 5.722 GC heap after
{Heap after GC invocations=17 (full 0):
 garbage-first heap   total 96256K, used 36699K [0x0000000761e00000, 0x0000000800000000)
  region size 2048K, 2 young (4096K), 2 survivors (4096K)
 Metaspace       used 57764K, committed 58048K, reserved 1105920K
  class space    used 7007K, committed 7104K, reserved 1048576K
}
Event: 6.643 GC heap before
{Heap before GC invocations=17 (full 0):
 garbage-first heap   total 96256K, used 67419K [0x0000000761e00000, 0x0000000800000000)
  region size 2048K, 18 young (36864K), 2 survivors (4096K)
 Metaspace       used 60934K, committed 61248K, reserved 1105920K
  class space    used 7327K, committed 7488K, reserved 1048576K
}
Event: 6.662 GC heap after
{Heap after GC invocations=18 (full 0):
 garbage-first heap   total 96256K, used 41191K [0x0000000761e00000, 0x0000000800000000)
  region size 2048K, 3 young (6144K), 3 survivors (6144K)
 Metaspace       used 60934K, committed 61248K, reserved 1105920K
  class space    used 7327K, committed 7488K, reserved 1048576K
}
Event: 7.343 GC heap before
{Heap before GC invocations=18 (full 0):
 garbage-first heap   total 96256K, used 67815K [0x0000000761e00000, 0x0000000800000000)
  region size 2048K, 17 young (34816K), 3 survivors (6144K)
 Metaspace       used 65547K, committed 65856K, reserved 1114112K
  class space    used 7788K, committed 7936K, reserved 1048576K
}
Event: 7.361 GC heap after
{Heap after GC invocations=19 (full 0):
 garbage-first heap   total 96256K, used 45089K [0x0000000761e00000, 0x0000000800000000)
  region size 2048K, 2 young (4096K), 2 survivors (4096K)
 Metaspace       used 65547K, committed 65856K, reserved 1114112K
  class space    used 7788K, committed 7936K, reserved 1048576K
}
Event: 8.153 GC heap before
{Heap before GC invocations=19 (full 0):
 garbage-first heap   total 96256K, used 71713K [0x0000000761e00000, 0x0000000800000000)
  region size 2048K, 15 young (30720K), 2 survivors (4096K)
 Metaspace       used 70501K, committed 70848K, reserved 1114112K
  class space    used 8330K, committed 8512K, reserved 1048576K
}

Dll operation events (2 events):
Event: 0.012 Loaded shared library E:\Programs\Android Studio\jbr\bin\java.dll
Event: 1.538 Loaded shared library E:\Programs\Android Studio\jbr\bin\verify.dll

Deoptimization events (20 events):
Event: 7.043 Thread 0x0000017d729fb300 DEOPT PACKING pc=0x0000017d07ccb4cc sp=0x0000004b164fdf20
Event: 7.043 Thread 0x0000017d729fb300 DEOPT UNPACKING pc=0x0000017d075869a3 sp=0x0000004b164fdec0 mode 2
Event: 7.192 Thread 0x0000017d729fb300 Uncommon trap: trap_request=0xffffffc6 fr.pc=0x0000017d07cd491c relative=0x0000000000001e7c
Event: 7.192 Thread 0x0000017d729fb300 Uncommon trap: reason=bimorphic_or_optimized_type_check action=maybe_recompile pc=0x0000017d07cd491c method=org.jetbrains.kotlin.serialization.deserialization.descriptors.DeserializedMemberScope.hasClass(Lorg/jetbrains/kotlin/name/Name;)Z @ 11 c2
Event: 7.192 Thread 0x0000017d729fb300 DEOPT PACKING pc=0x0000017d07cd491c sp=0x0000004b164fe410
Event: 7.192 Thread 0x0000017d729fb300 DEOPT UNPACKING pc=0x0000017d075869a3 sp=0x0000004b164fe3a0 mode 2
Event: 7.192 Thread 0x0000017d729fb300 Uncommon trap: trap_request=0xffffffc6 fr.pc=0x0000017d07cd491c relative=0x0000000000001e7c
Event: 7.192 Thread 0x0000017d729fb300 Uncommon trap: reason=bimorphic_or_optimized_type_check action=maybe_recompile pc=0x0000017d07cd491c method=org.jetbrains.kotlin.serialization.deserialization.descriptors.DeserializedMemberScope.hasClass(Lorg/jetbrains/kotlin/name/Name;)Z @ 11 c2
Event: 7.192 Thread 0x0000017d729fb300 DEOPT PACKING pc=0x0000017d07cd491c sp=0x0000004b164fe410
Event: 7.192 Thread 0x0000017d729fb300 DEOPT UNPACKING pc=0x0000017d075869a3 sp=0x0000004b164fe3a0 mode 2
Event: 7.201 Thread 0x0000017d729fb300 DEOPT PACKING pc=0x0000017d006048e3 sp=0x0000004b164fdb20
Event: 7.201 Thread 0x0000017d729fb300 DEOPT UNPACKING pc=0x0000017d07587143 sp=0x0000004b164fd028 mode 0
Event: 7.320 Thread 0x0000017d729fb300 DEOPT PACKING pc=0x0000017d006048e3 sp=0x0000004b164fdd30
Event: 7.320 Thread 0x0000017d729fb300 DEOPT UNPACKING pc=0x0000017d07587143 sp=0x0000004b164fd238 mode 0
Event: 7.814 Thread 0x0000017d729fb300 Uncommon trap: trap_request=0xffffff45 fr.pc=0x0000017d07b34664 relative=0x00000000000002c4
Event: 7.814 Thread 0x0000017d729fb300 Uncommon trap: reason=unstable_if action=reinterpret pc=0x0000017d07b34664 method=java.util.HashMap.hash(Ljava/lang/Object;)I @ 1 c2
Event: 7.814 Thread 0x0000017d729fb300 DEOPT PACKING pc=0x0000017d07b34664 sp=0x0000004b164fce90
Event: 7.814 Thread 0x0000017d729fb300 DEOPT UNPACKING pc=0x0000017d075869a3 sp=0x0000004b164fcd38 mode 2
Event: 8.018 Thread 0x0000017d729fb300 DEOPT PACKING pc=0x0000017d0031885c sp=0x0000004b164fdf00
Event: 8.018 Thread 0x0000017d729fb300 DEOPT UNPACKING pc=0x0000017d07587143 sp=0x0000004b164fd398 mode 0

Classes unloaded (0 events):
No events

Classes redefined (0 events):
No events

Internal exceptions (20 events):
Event: 5.581 Thread 0x0000017d729fb300 Exception <a 'java/lang/NoSuchMethodError'{0x0000000765c527b8}: 'java.lang.Object java.lang.invoke.DirectMethodHandle$Holder.invokeStatic(java.lang.Object, java.lang.Object, java.lang.Object, java.lang.Object, int)'> (0x0000000765c527b8) 
thrown [s\src\hotspot\share\interpreter\linkResolver.cpp, line 771]
Event: 5.581 Thread 0x0000017d729fb300 Exception <a 'java/lang/NoSuchMethodError'{0x0000000765c5c4a0}: 'java.lang.Object java.lang.invoke.DirectMethodHandle$Holder.newInvokeSpecial(java.lang.Object, java.lang.Object, java.lang.Object, java.lang.Object, int)'> (0x0000000765c5c4a0) 
thrown [s\src\hotspot\share\interpreter\linkResolver.cpp, line 771]
Event: 5.582 Thread 0x0000017d729fb300 Exception <a 'java/lang/NoSuchMethodError'{0x0000000765c64570}: 'java.lang.Object java.lang.invoke.Invokers$Holder.linkToTargetMethod(java.lang.Object, java.lang.Object, java.lang.Object, int, java.lang.Object)'> (0x0000000765c64570) 
thrown [s\src\hotspot\share\interpreter\linkResolver.cpp, line 771]
Event: 5.636 Thread 0x0000017d729fb300 Exception <a 'java/lang/NoSuchMethodError'{0x0000000765a43820}: 'void java.lang.invoke.DirectMethodHandle$Holder.invokeInterface(java.lang.Object, java.lang.Object)'> (0x0000000765a43820) 
thrown [s\src\hotspot\share\interpreter\linkResolver.cpp, line 771]
Event: 5.700 Thread 0x0000017d729fb300 Exception <a 'java/lang/IncompatibleClassChangeError'{0x0000000765bf41a8}: Found class java.lang.Object, but interface was expected> (0x0000000765bf41a8) 
thrown [s\src\hotspot\share\interpreter\linkResolver.cpp, line 838]
Event: 5.733 Thread 0x0000017d729fb300 Implicit null exception at 0x0000017d07be14cc to 0x0000017d07be15b4
Event: 5.924 Thread 0x0000017d729fb300 Implicit null exception at 0x0000017d07bae815 to 0x0000017d07bae904
Event: 5.924 Thread 0x0000017d729fb300 Implicit null exception at 0x0000017d07b327d8 to 0x0000017d07b3286e
Event: 6.046 Thread 0x0000017d729fb300 Exception <a 'java/lang/NoSuchMethodError'{0x000000076690ff68}: 'java.lang.Object java.lang.invoke.DirectMethodHandle$Holder.invokeInterface(java.lang.Object, java.lang.Object, java.lang.Object)'> (0x000000076690ff68) 
thrown [s\src\hotspot\share\interpreter\linkResolver.cpp, line 771]
Event: 6.046 Thread 0x0000017d729fb300 Exception <a 'java/lang/IncompatibleClassChangeError'{0x00000007669138d8}: Found class java.lang.Object, but interface was expected> (0x00000007669138d8) 
thrown [s\src\hotspot\share\interpreter\linkResolver.cpp, line 838]
Event: 6.450 Thread 0x0000017d729fb300 Implicit null exception at 0x0000017d07cf79cf to 0x0000017d07cf85c8
Event: 6.682 Thread 0x0000017d729fb300 Exception <a 'java/lang/NoSuchMethodError'{0x0000000769637800}: 'java.lang.Object java.lang.invoke.DirectMethodHandle$Holder.invokeStatic(java.lang.Object, int, java.lang.Object)'> (0x0000000769637800) 
thrown [s\src\hotspot\share\interpreter\linkResolver.cpp, line 771]
Event: 6.688 Thread 0x0000017d729fb300 Exception <a 'java/lang/NoSuchMethodError'{0x000000076965b300}: 'java.lang.Object java.lang.invoke.DirectMethodHandle$Holder.newInvokeSpecial(java.lang.Object, int, java.lang.Object)'> (0x000000076965b300) 
thrown [s\src\hotspot\share\interpreter\linkResolver.cpp, line 771]
Event: 6.769 Thread 0x0000017d729fb300 Exception <a 'java/lang/NoSuchMethodError'{0x000000076951b820}: 'java.lang.Object java.lang.invoke.DirectMethodHandle$Holder.newInvokeSpecial(java.lang.Object, java.lang.Object, java.lang.Object, java.lang.Object, java.lang.Object, java.lang.Object, java.lang.Object)'> (0x000000076951b820) 
thrown [s\src\hotspot\share\interpreter\linkResolver.cpp, line 771]
Event: 6.769 Thread 0x0000017d729fb300 Exception <a 'java/lang/NoSuchMethodError'{0x0000000769520fb0}: 'java.lang.Object java.lang.invoke.Invokers$Holder.linkToTargetMethod(java.lang.Object, java.lang.Object, java.lang.Object, java.lang.Object, java.lang.Object, java.lang.Object, java.lang.Object)'> (0x0000000769520fb0) 
thrown [s\src\hotspot\share\interpreter\linkResolver.cpp, line 771]
Event: 6.974 Thread 0x0000017d729fb300 Implicit null exception at 0x0000017d07b7d574 to 0x0000017d07b7d76c
Event: 7.408 Thread 0x0000017d729fb300 Exception <a 'java/lang/NoSuchMethodError'{0x0000000769621798}: 'java.lang.Object java.lang.invoke.DirectMethodHandle$Holder.newInvokeSpecial(java.lang.Object, java.lang.Object, java.lang.Object, int, int)'> (0x0000000769621798) 
thrown [s\src\hotspot\share\interpreter\linkResolver.cpp, line 771]
Event: 7.408 Thread 0x0000017d729fb300 Exception <a 'java/lang/NoSuchMethodError'{0x00000007696255d8}: 'java.lang.Object java.lang.invoke.DirectMethodHandle$Holder.invokeSpecial(java.lang.Object, java.lang.Object, java.lang.Object, java.lang.Object, int, int)'> (0x00000007696255d8) 
thrown [s\src\hotspot\share\interpreter\linkResolver.cpp, line 771]
Event: 7.491 Thread 0x0000017d729fb300 Exception <a 'java/lang/NoSuchMethodError'{0x00000007694f7698}: 'java.lang.Object java.lang.invoke.DirectMethodHandle$Holder.invokeSpecial(java.lang.Object, java.lang.Object, int, int, java.lang.Object, java.lang.Object, java.lang.Object, java.lang.Object, java.lang.Object)'> (0x00000007694f7698) 
thrown [s\src\hotspot\share\interpreter\linkResolver.cpp, line 771]
Event: 7.814 Thread 0x0000017d729fb300 Implicit null exception at 0x0000017d07b343f4 to 0x0000017d07b34640

VM Operations (20 events):
Event: 7.861 Executing VM operation: HandshakeAllThreads done
Event: 7.869 Executing VM operation: HandshakeAllThreads
Event: 7.869 Executing VM operation: HandshakeAllThreads done
Event: 7.873 Executing VM operation: HandshakeAllThreads
Event: 7.873 Executing VM operation: HandshakeAllThreads done
Event: 7.899 Executing VM operation: ICBufferFull
Event: 7.899 Executing VM operation: ICBufferFull done
Event: 7.918 Executing VM operation: HandshakeAllThreads
Event: 7.918 Executing VM operation: HandshakeAllThreads done
Event: 8.018 Executing VM operation: HandshakeAllThreads
Event: 8.018 Executing VM operation: HandshakeAllThreads done
Event: 8.021 Executing VM operation: HandshakeAllThreads
Event: 8.021 Executing VM operation: HandshakeAllThreads done
Event: 8.104 Executing VM operation: HandshakeAllThreads
Event: 8.104 Executing VM operation: HandshakeAllThreads done
Event: 8.105 Executing VM operation: HandshakeAllThreads
Event: 8.105 Executing VM operation: HandshakeAllThreads done
Event: 8.116 Executing VM operation: HandshakeAllThreads
Event: 8.116 Executing VM operation: HandshakeAllThreads done
Event: 8.153 Executing VM operation: G1CollectForAllocation

Events (20 events):
Event: 7.531 Thread 0x0000017d7f4615f0 flushing nmethod 0x0000017d00abf790
Event: 7.531 Thread 0x0000017d7f4615f0 flushing nmethod 0x0000017d00ac6d90
Event: 7.531 Thread 0x0000017d7f4615f0 flushing nmethod 0x0000017d00accf10
Event: 7.531 Thread 0x0000017d7f4615f0 flushing nmethod 0x0000017d00acdf90
Event: 7.531 Thread 0x0000017d7f4615f0 flushing nmethod 0x0000017d00ada490
Event: 7.531 Thread 0x0000017d7f4615f0 flushing nmethod 0x0000017d00b09f90
Event: 7.531 Thread 0x0000017d7f4615f0 flushing nmethod 0x0000017d00b1bf90
Event: 7.531 Thread 0x0000017d7f4615f0 flushing nmethod 0x0000017d00b35910
Event: 7.531 Thread 0x0000017d7f4615f0 flushing nmethod 0x0000017d00b4e490
Event: 7.532 Thread 0x0000017d7f4615f0 flushing nmethod 0x0000017d00b92290
Event: 7.532 Thread 0x0000017d7f4615f0 flushing nmethod 0x0000017d00c2ab90
Event: 7.532 Thread 0x0000017d7f4615f0 flushing nmethod 0x0000017d00c2b110
Event: 7.533 Thread 0x0000017d7f4615f0 flushing nmethod 0x0000017d00c9cd90
Event: 7.533 Thread 0x0000017d7f4615f0 flushing nmethod 0x0000017d00cce210
Event: 7.533 Thread 0x0000017d7f4615f0 flushing nmethod 0x0000017d00d1c110
Event: 7.534 Thread 0x0000017d7f4615f0 flushing nmethod 0x0000017d00dc6910
Event: 7.534 Thread 0x0000017d7f4615f0 flushing nmethod 0x0000017d00de5e10
Event: 7.534 Thread 0x0000017d7f4615f0 flushing nmethod 0x0000017d00de7910
Event: 7.534 Thread 0x0000017d7f4615f0 flushing nmethod 0x0000017d00e0e590
Event: 7.534 Thread 0x0000017d7f4615f0 flushing nmethod 0x0000017d00e1d310


Dynamic libraries:
0x00007ff7dc190000 - 0x00007ff7dc19a000 	E:\Programs\Android Studio\jbr\bin\java.exe
0x00007fff53730000 - 0x00007fff53928000 	C:\Windows\SYSTEM32\ntdll.dll
0x00007fff53290000 - 0x00007fff5334f000 	C:\Windows\System32\KERNEL32.DLL
0x00007fff50fd0000 - 0x00007fff512c6000 	C:\Windows\System32\KERNELBASE.dll
0x00007fff50ed0000 - 0x00007fff50fd0000 	C:\Windows\System32\ucrtbase.dll
0x00007fff227e0000 - 0x00007fff227f7000 	E:\Programs\Android Studio\jbr\bin\jli.dll
0x00007fff4b870000 - 0x00007fff4b88b000 	E:\Programs\Android Studio\jbr\bin\VCRUNTIME140.dll
0x00007fff53430000 - 0x00007fff535cd000 	C:\Windows\System32\USER32.dll
0x00007fff3ce30000 - 0x00007fff3d0ca000 	C:\Windows\WinSxS\amd64_microsoft.windows.common-controls_6595b64144ccf1df_6.0.19041.1110_none_60b5254171f9507e\COMCTL32.dll
0x00007fff50e10000 - 0x00007fff50e32000 	C:\Windows\System32\win32u.dll
0x00007fff51fd0000 - 0x00007fff51ffc000 	C:\Windows\System32\GDI32.dll
0x00007fff51670000 - 0x00007fff51785000 	C:\Windows\System32\gdi32full.dll
0x00007fff515d0000 - 0x00007fff5166d000 	C:\Windows\System32\msvcp_win.dll
0x00007fff527f0000 - 0x00007fff5288e000 	C:\Windows\System32\msvcrt.dll
0x00007fff527c0000 - 0x00007fff527f0000 	C:\Windows\System32\IMM32.DLL
0x00007fff4b930000 - 0x00007fff4b93c000 	E:\Programs\Android Studio\jbr\bin\vcruntime140_1.dll
0x00007fff3e5e0000 - 0x00007fff3e66d000 	E:\Programs\Android Studio\jbr\bin\msvcp140.dll
0x00007ffef66a0000 - 0x00007ffef730e000 	E:\Programs\Android Studio\jbr\bin\server\jvm.dll
0x00007fff52e80000 - 0x00007fff52f2f000 	C:\Windows\System32\ADVAPI32.dll
0x00007fff535d0000 - 0x00007fff5366c000 	C:\Windows\System32\sechost.dll
0x00007fff52a80000 - 0x00007fff52ba6000 	C:\Windows\System32\RPCRT4.dll
0x00007fff47860000 - 0x00007fff4786a000 	C:\Windows\SYSTEM32\VERSION.dll
0x00007fff4b7a0000 - 0x00007fff4b7a9000 	C:\Windows\SYSTEM32\WSOCK32.dll
0x00007fff439d0000 - 0x00007fff439f7000 	C:\Windows\SYSTEM32\WINMM.dll
0x00007fff52750000 - 0x00007fff527bb000 	C:\Windows\System32\WS2_32.dll
0x00007fff4ecd0000 - 0x00007fff4ece2000 	C:\Windows\SYSTEM32\kernel.appcore.dll
0x00007fff4af20000 - 0x00007fff4af2a000 	E:\Programs\Android Studio\jbr\bin\jimage.dll
0x00007fff49a70000 - 0x00007fff49c54000 	C:\Windows\SYSTEM32\DBGHELP.DLL
0x00007fff3e6a0000 - 0x00007fff3e6d4000 	C:\Windows\SYSTEM32\dbgcore.DLL
0x00007fff50e40000 - 0x00007fff50ec2000 	C:\Windows\System32\bcryptPrimitives.dll
0x00007fff15a00000 - 0x00007fff15a25000 	E:\Programs\Android Studio\jbr\bin\java.dll
0x00007fff3a6e0000 - 0x00007fff3a6f8000 	E:\Programs\Android Studio\jbr\bin\zip.dll
0x00007fff52000000 - 0x00007fff52744000 	C:\Windows\System32\SHELL32.dll
0x00007fff4eed0000 - 0x00007fff4f663000 	C:\Windows\SYSTEM32\windows.storage.dll
0x00007fff52f30000 - 0x00007fff53284000 	C:\Windows\System32\combase.dll
0x00007fff50790000 - 0x00007fff507be000 	C:\Windows\SYSTEM32\Wldp.dll
0x00007fff51f20000 - 0x00007fff51fcd000 	C:\Windows\System32\SHCORE.dll
0x00007fff51d30000 - 0x00007fff51d85000 	C:\Windows\System32\shlwapi.dll
0x00007fff50d50000 - 0x00007fff50d6f000 	C:\Windows\SYSTEM32\profapi.dll
0x00007fff33d10000 - 0x00007fff33d29000 	E:\Programs\Android Studio\jbr\bin\net.dll
0x00007fff48340000 - 0x00007fff4844a000 	C:\Windows\SYSTEM32\WINHTTP.dll
0x00007fff504f0000 - 0x00007fff5055a000 	C:\Windows\system32\mswsock.dll
0x00007fff2bb50000 - 0x00007fff2bb66000 	E:\Programs\Android Studio\jbr\bin\nio.dll
0x00007fff3a2e0000 - 0x00007fff3a2f0000 	E:\Programs\Android Studio\jbr\bin\verify.dll

dbghelp: loaded successfully - version: 4.0.5 - missing functions: none
symbol engine: initialized successfully - sym options: 0x614 - pdb path: .;E:\Programs\Android Studio\jbr\bin;C:\Windows\SYSTEM32;C:\Windows\WinSxS\amd64_microsoft.windows.common-controls_6595b64144ccf1df_6.0.19041.1110_none_60b5254171f9507e;E:\Programs\Android Studio\jbr\bin\server

VM Arguments:
java_command: org.jetbrains.kotlin.cli.jvm.K2JVMCompiler @E:\programming\android_src\avtoto\app\build\20230914_5399477959028611760.compiler.options
java_class_path (initial): E:\programming\.gradle\caches\modules-2\files-2.1\org.jetbrains.kotlin\kotlin-compiler-embeddable\1.9.0\2c8c3a7402becca891f12739b3e9fd2dc2adbd7a\kotlin-compiler-embeddable-1.9.0.jar;E:\programming\.gradle\caches\modules-2\files-2.1\org.jetbrains.kotlin\kotlin-stdlib\1.9.0\8ee15ef0c67dc83d874f412d84378d7f0eb50b63\kotlin-stdlib-1.9.0.jar;E:\programming\.gradle\caches\modules-2\files-2.1\org.jetbrains.kotlin\kotlin-script-runtime\1.9.0\4b3102cbbb7e1b58d9d1adf89563f00069ffa7d1\kotlin-script-runtime-1.9.0.jar;E:\programming\.gradle\caches\modules-2\files-2.1\org.jetbrains.kotlin\kotlin-reflect\1.6.10\1cbe9c92c12a94eea200d23c2bbaedaf3daf5132\kotlin-reflect-1.6.10.jar;E:\programming\.gradle\caches\modules-2\files-2.1\org.jetbrains.kotlin\kotlin-daemon-embeddable\1.9.0\186543f5e28cf8d9a0290fecc2cf34301c40a65c\kotlin-daemon-embeddable-1.9.0.jar;E:\programming\.gradle\caches\modules-2\files-2.1\org.jetbrains.intellij.deps\trove4j\1.0.20200330\3afb14d5f9ceb459d724e907a21145e8ff394f02\trove4j-1.0.20200330.jar;E:\programming\.gradle\caches\modules-2\files-2.1\org.jetbrains.kotlin\kotlin-stdlib-common\1.9.0\cd65c21cfd1eec4d44ef09f9f52b6d9f8a720636\kotlin-stdlib-common-1.9.0.jar;E:\programming\.gradle\caches\modules-2\files-2.1\org.jetbrains\annotations\13.0\919f0dfe192fb4e063e7dacadee7f8bb9a2672a9\annotations-13.0.jar
Launcher Type: SUN_STANDARD

[Global flags]
     intx CICompilerCount                          = 4                                         {product} {ergonomic}
     uint ConcGCThreads                            = 2                                         {product} {ergonomic}
     uint G1ConcRefinementThreads                  = 8                                         {product} {ergonomic}
   size_t G1HeapRegionSize                         = 2097152                                   {product} {ergonomic}
    uintx GCDrainStackTargetSize                   = 64                                        {product} {ergonomic}
   size_t InitialHeapSize                          = 167772160                                 {product} {ergonomic}
   size_t MarkStackSize                            = 4194304                                   {product} {ergonomic}
   size_t MaxHeapSize                              = 2652897280                                {product} {ergonomic}
   size_t MaxNewSize                               = 1591738368                                {product} {ergonomic}
   size_t MinHeapDeltaBytes                        = 2097152                                   {product} {ergonomic}
   size_t MinHeapSize                              = 8388608                                   {product} {ergonomic}
    uintx NonNMethodCodeHeapSize                   = 5839372                                {pd product} {ergonomic}
    uintx NonProfiledCodeHeapSize                  = 122909434                              {pd product} {ergonomic}
    uintx ProfiledCodeHeapSize                     = 122909434                              {pd product} {ergonomic}
    uintx ReservedCodeCacheSize                    = 251658240                              {pd product} {ergonomic}
     bool SegmentedCodeCache                       = true                                      {product} {ergonomic}
   size_t SoftMaxHeapSize                          = 2652897280                             {manageable} {ergonomic}
     bool UseCompressedClassPointers               = true                           {product lp64_product} {ergonomic}
     bool UseCompressedOops                        = true                           {product lp64_product} {ergonomic}
     bool UseG1GC                                  = true                                      {product} {ergonomic}
     bool UseLargePagesIndividualAllocation        = false                                  {pd product} {ergonomic}

Logging:
Log output configuration:
 #0: stdout all=warning uptime,level,tags
 #1: stderr all=off uptime,level,tags

Environment Variables:
JAVA_HOME=C:\Program Files\Java\jdk-17\
PATH=C:\Program Files\Common Files\Oracle\Java\javapath;C:\Windows\system32;C:\Windows;C:\Windows\System32\Wbem;C:\Windows\System32\WindowsPowerShell\v1.0\;E:\Programs\Git\cmd;C:\Program Files\gnuplot\bin;C:\Program Files\dotnet\;C:\Users\akachi\AppData\Local\Programs\Python\Python311\Scripts\;C:\Users\akachi\AppData\Local\Programs\Python\Python311\;C:\Users\akachi\AppData\Local\Microsoft\WindowsApps;E:\programming\flutter\bin;C:\ffmpeg\bin;;E:\Programs\IntelliJ IDEA Community Edition 2023.1.3\bin;
USERNAME=akachi
OS=Windows_NT
PROCESSOR_IDENTIFIER=AMD64 Family 23 Model 24 Stepping 1, AuthenticAMD
TMP=C:\Temp
TEMP=C:\Temp


JNI global refs:
JNI global refs: 9, weak refs: 3

JNI global refs memory usage: 843, weak refs: 841


---------------  S Y S T E M  ---------------

OS:
 Windows 10 , 64 bit Build 19041 (10.0.19041.2913)
OS uptime: 0 days 2:07 hours

CPU: total 8 (initial active 8) (8 cores per cpu, 2 threads per core) family 23 model 24 stepping 1 microcode 0x0, cx8, cmov, fxsr, ht, mmx, 3dnowpref, sse, sse2, sse3, ssse3, sse4a, sse4.1, sse4.2, popcnt, lzcnt, tsc, tscinvbit, avx, avx2, aes, clmul, bmi1, bmi2, adx, sha, fma, vzeroupper, clflush, clflushopt

Memory: 4k page, system-wide physical 10116M (151M free)
TotalPageFile size 18976M (AvailPageFile size 15M)
current process WorkingSet (physical memory assigned to process): 266M, peak: 266M
current process commit charge ("private bytes"): 304M, peak: 324M

vm_info: OpenJDK 64-Bit Server VM (17.0.6+0-b2043.56-10027231) for windows-amd64 JRE (17.0.6+0-b2043.56-10027231), built on Apr 28 2023 00:43:19 by "androidbuild" with MS VC++ 16.10 / 16.11 (VS2019)

END.
